file /home/hector/Desktop/gpsd-3.7/SConstruct,line 408:
	Configure(confdir = .sconf_temp)
scons: Configure: Checking if compiler accepts -Wextra ...
scons: Configure: ".sconf_temp/conftest_0.c" is up to date.
scons: Configure: The original builder output was:
  |.sconf_temp/conftest_0.c <-
  |  |
  |  |        int main(int argc, char **argv) {
  |  |            return 0;
  |  |        }
  |  |    
  |
scons: Configure: ".sconf_temp/conftest_0.o" is up to date.
scons: Configure: The original builder output was:
  |gcc -o .sconf_temp/conftest_0.o -c -D_GNU_SOURCE -Wextra -O2 .sconf_temp/conftest_0.c
  |
scons: Configure: ".sconf_temp/conftest_0" is up to date.
scons: Configure: The original builder output was:
  |gcc -o .sconf_temp/conftest_0 -Wl,-rpath=//usr/local/lib .sconf_temp/conftest_0.o -L/usr/local/lib
  |
scons: Configure: (cached) yes

scons: Configure: Checking if compiler accepts -Wall ...
scons: Configure: ".sconf_temp/conftest_1.c" is up to date.
scons: Configure: The original builder output was:
  |.sconf_temp/conftest_1.c <-
  |  |
  |  |        int main(int argc, char **argv) {
  |  |            return 0;
  |  |        }
  |  |    
  |
scons: Configure: ".sconf_temp/conftest_1.o" is up to date.
scons: Configure: The original builder output was:
  |gcc -o .sconf_temp/conftest_1.o -c -D_GNU_SOURCE -Wextra -Wall -O2 .sconf_temp/conftest_1.c
  |
scons: Configure: ".sconf_temp/conftest_1" is up to date.
scons: Configure: The original builder output was:
  |gcc -o .sconf_temp/conftest_1 -Wl,-rpath=//usr/local/lib .sconf_temp/conftest_1.o -L/usr/local/lib
  |
scons: Configure: (cached) yes

scons: Configure: Checking if compiler accepts -Wno-uninitialized ...
scons: Configure: ".sconf_temp/conftest_2.c" is up to date.
scons: Configure: The original builder output was:
  |.sconf_temp/conftest_2.c <-
  |  |
  |  |        int main(int argc, char **argv) {
  |  |            return 0;
  |  |        }
  |  |    
  |
scons: Configure: ".sconf_temp/conftest_2.o" is up to date.
scons: Configure: The original builder output was:
  |gcc -o .sconf_temp/conftest_2.o -c -D_GNU_SOURCE -Wextra -Wall -Wno-uninitialized -O2 .sconf_temp/conftest_2.c
  |
scons: Configure: ".sconf_temp/conftest_2" is up to date.
scons: Configure: The original builder output was:
  |gcc -o .sconf_temp/conftest_2 -Wl,-rpath=//usr/local/lib .sconf_temp/conftest_2.o -L/usr/local/lib
  |
scons: Configure: (cached) yes

scons: Configure: Checking if compiler accepts -Wno-missing-field-initializers ...
scons: Configure: ".sconf_temp/conftest_3.c" is up to date.
scons: Configure: The original builder output was:
  |.sconf_temp/conftest_3.c <-
  |  |
  |  |        int main(int argc, char **argv) {
  |  |            return 0;
  |  |        }
  |  |    
  |
scons: Configure: ".sconf_temp/conftest_3.o" is up to date.
scons: Configure: The original builder output was:
  |gcc -o .sconf_temp/conftest_3.o -c -D_GNU_SOURCE -Wextra -Wall -Wno-uninitialized -Wno-missing-field-initializers -O2 .sconf_temp/conftest_3.c
  |
scons: Configure: ".sconf_temp/conftest_3" is up to date.
scons: Configure: The original builder output was:
  |gcc -o .sconf_temp/conftest_3 -Wl,-rpath=//usr/local/lib .sconf_temp/conftest_3.o -L/usr/local/lib
  |
scons: Configure: (cached) yes

scons: Configure: Checking if compiler accepts -Wcast-align ...
scons: Configure: ".sconf_temp/conftest_4.c" is up to date.
scons: Configure: The original builder output was:
  |.sconf_temp/conftest_4.c <-
  |  |
  |  |        int main(int argc, char **argv) {
  |  |            return 0;
  |  |        }
  |  |    
  |
scons: Configure: ".sconf_temp/conftest_4.o" is up to date.
scons: Configure: The original builder output was:
  |gcc -o .sconf_temp/conftest_4.o -c -D_GNU_SOURCE -Wextra -Wall -Wno-uninitialized -Wno-missing-field-initializers -Wcast-align -O2 .sconf_temp/conftest_4.c
  |
scons: Configure: ".sconf_temp/conftest_4" is up to date.
scons: Configure: The original builder output was:
  |gcc -o .sconf_temp/conftest_4 -Wl,-rpath=//usr/local/lib .sconf_temp/conftest_4.o -L/usr/local/lib
  |
scons: Configure: (cached) yes

scons: Configure: Checking if compiler accepts -Wmissing-declarations ...
scons: Configure: ".sconf_temp/conftest_5.c" is up to date.
scons: Configure: The original builder output was:
  |.sconf_temp/conftest_5.c <-
  |  |
  |  |        int main(int argc, char **argv) {
  |  |            return 0;
  |  |        }
  |  |    
  |
scons: Configure: ".sconf_temp/conftest_5.o" is up to date.
scons: Configure: The original builder output was:
  |gcc -o .sconf_temp/conftest_5.o -c -D_GNU_SOURCE -Wextra -Wall -Wno-uninitialized -Wno-missing-field-initializers -Wcast-align -Wmissing-declarations -O2 .sconf_temp/conftest_5.c
  |
scons: Configure: ".sconf_temp/conftest_5" is up to date.
scons: Configure: The original builder output was:
  |gcc -o .sconf_temp/conftest_5 -Wl,-rpath=//usr/local/lib .sconf_temp/conftest_5.o -L/usr/local/lib
  |
scons: Configure: (cached) yes

scons: Configure: Checking if compiler accepts -Wmissing-prototypes ...
scons: Configure: ".sconf_temp/conftest_6.c" is up to date.
scons: Configure: The original builder output was:
  |.sconf_temp/conftest_6.c <-
  |  |
  |  |        int main(int argc, char **argv) {
  |  |            return 0;
  |  |        }
  |  |    
  |
scons: Configure: ".sconf_temp/conftest_6.o" is up to date.
scons: Configure: The original builder output was:
  |gcc -o .sconf_temp/conftest_6.o -c -D_GNU_SOURCE -Wextra -Wall -Wno-uninitialized -Wno-missing-field-initializers -Wcast-align -Wmissing-declarations -Wmissing-prototypes -O2 .sconf_temp/conftest_6.c
  |
scons: Configure: ".sconf_temp/conftest_6" is up to date.
scons: Configure: The original builder output was:
  |gcc -o .sconf_temp/conftest_6 -Wl,-rpath=//usr/local/lib .sconf_temp/conftest_6.o -L/usr/local/lib
  |
scons: Configure: (cached) yes

scons: Configure: Checking if compiler accepts -Wstrict-prototypes ...
scons: Configure: ".sconf_temp/conftest_7.c" is up to date.
scons: Configure: The original builder output was:
  |.sconf_temp/conftest_7.c <-
  |  |
  |  |        int main(int argc, char **argv) {
  |  |            return 0;
  |  |        }
  |  |    
  |
scons: Configure: ".sconf_temp/conftest_7.o" is up to date.
scons: Configure: The original builder output was:
  |gcc -o .sconf_temp/conftest_7.o -c -D_GNU_SOURCE -Wextra -Wall -Wno-uninitialized -Wno-missing-field-initializers -Wcast-align -Wmissing-declarations -Wmissing-prototypes -Wstrict-prototypes -O2 .sconf_temp/conftest_7.c
  |
scons: Configure: ".sconf_temp/conftest_7" is up to date.
scons: Configure: The original builder output was:
  |gcc -o .sconf_temp/conftest_7 -Wl,-rpath=//usr/local/lib .sconf_temp/conftest_7.o -L/usr/local/lib
  |
scons: Configure: (cached) yes

scons: Configure: Checking if compiler accepts -Wpointer-arith ...
scons: Configure: ".sconf_temp/conftest_8.c" is up to date.
scons: Configure: The original builder output was:
  |.sconf_temp/conftest_8.c <-
  |  |
  |  |        int main(int argc, char **argv) {
  |  |            return 0;
  |  |        }
  |  |    
  |
scons: Configure: ".sconf_temp/conftest_8.o" is up to date.
scons: Configure: The original builder output was:
  |gcc -o .sconf_temp/conftest_8.o -c -D_GNU_SOURCE -Wextra -Wall -Wno-uninitialized -Wno-missing-field-initializers -Wcast-align -Wmissing-declarations -Wmissing-prototypes -Wstrict-prototypes -Wpointer-arith -O2 .sconf_temp/conftest_8.c
  |
scons: Configure: ".sconf_temp/conftest_8" is up to date.
scons: Configure: The original builder output was:
  |gcc -o .sconf_temp/conftest_8 -Wl,-rpath=//usr/local/lib .sconf_temp/conftest_8.o -L/usr/local/lib
  |
scons: Configure: (cached) yes

scons: Configure: Checking if compiler accepts -Wreturn-type ...
scons: Configure: ".sconf_temp/conftest_9.c" is up to date.
scons: Configure: The original builder output was:
  |.sconf_temp/conftest_9.c <-
  |  |
  |  |        int main(int argc, char **argv) {
  |  |            return 0;
  |  |        }
  |  |    
  |
scons: Configure: ".sconf_temp/conftest_9.o" is up to date.
scons: Configure: The original builder output was:
  |gcc -o .sconf_temp/conftest_9.o -c -D_GNU_SOURCE -Wextra -Wall -Wno-uninitialized -Wno-missing-field-initializers -Wcast-align -Wmissing-declarations -Wmissing-prototypes -Wstrict-prototypes -Wpointer-arith -Wreturn-type -O2 .sconf_temp/conftest_9.c
  |
scons: Configure: ".sconf_temp/conftest_9" is up to date.
scons: Configure: The original builder output was:
  |gcc -o .sconf_temp/conftest_9 -Wl,-rpath=//usr/local/lib .sconf_temp/conftest_9.o -L/usr/local/lib
  |
scons: Configure: (cached) yes

scons: Configure: Checking for chrpath... 
scons: Configure: ".sconf_temp/conftest_10" is up to date.
scons: Configure: The original builder output was:
  |chrpath -v
  |
scons: Configure: (cached) yes

scons: Configure: Checking whether the C++ compiler works
scons: Configure: ".sconf_temp/conftest_11.cpp" is up to date.
scons: Configure: The original builder output was:
  |.sconf_temp/conftest_11.cpp <-
  |  |
  |  |int main()
  |  |{
  |  |    return 0;
  |  |}
  |  |
  |
scons: Configure: ".sconf_temp/conftest_11.o" is up to date.
scons: Configure: The original builder output was:
  |g++ -o .sconf_temp/conftest_11.o -c -O2 .sconf_temp/conftest_11.cpp
  |
scons: Configure: (cached) yes

scons: Configure: Checking for ncurses... 
scons: Configure: ".sconf_temp/conftest_12" is up to date.
scons: Configure: The original builder output was:
  |pkg-config --exists 'ncurses'
  |
scons: Configure: (cached) yes

scons: Configure: Checking for libusb-1.0... 
scons: Configure: Building ".sconf_temp/conftest_13" failed in a previous run and all its sources are up to date.
scons: Configure: The original builder output was:
  |pkg-config --exists 'libusb-1.0'
  |
scons: Configure: (cached) no

scons: Configure: Checking for C library librt... 
scons: Configure: ".sconf_temp/conftest_14.c" is up to date.
scons: Configure: The original builder output was:
  |.sconf_temp/conftest_14.c <-
  |  |
  |  |
  |  |
  |  |int
  |  |main() {
  |  |  
  |  |return 0;
  |  |}
  |  |
  |
scons: Configure: ".sconf_temp/conftest_14.o" is up to date.
scons: Configure: The original builder output was:
  |gcc -o .sconf_temp/conftest_14.o -c -D_GNU_SOURCE -Wextra -Wall -Wno-uninitialized -Wno-missing-field-initializers -Wcast-align -Wmissing-declarations -Wmissing-prototypes -Wstrict-prototypes -Wpointer-arith -Wreturn-type -O2 .sconf_temp/conftest_14.c
  |
scons: Configure: ".sconf_temp/conftest_14" is up to date.
scons: Configure: The original builder output was:
  |gcc -o .sconf_temp/conftest_14 -Wl,-rpath=/home/hector/Desktop/gpsd-3.7 -Wl,-rpath=//usr/local/lib .sconf_temp/conftest_14.o -L. -L/usr/local/lib -lrt
  |
scons: Configure: (cached) yes

scons: Configure: Checking for C library libcap... 
scons: Configure: ".sconf_temp/conftest_15.c" is up to date.
scons: Configure: The original builder output was:
  |.sconf_temp/conftest_15.c <-
  |  |
  |  |
  |  |
  |  |int
  |  |main() {
  |  |  
  |  |return 0;
  |  |}
  |  |
  |
scons: Configure: ".sconf_temp/conftest_15.o" is up to date.
scons: Configure: The original builder output was:
  |gcc -o .sconf_temp/conftest_15.o -c -D_GNU_SOURCE -Wextra -Wall -Wno-uninitialized -Wno-missing-field-initializers -Wcast-align -Wmissing-declarations -Wmissing-prototypes -Wstrict-prototypes -Wpointer-arith -Wreturn-type -O2 .sconf_temp/conftest_15.c
  |
scons: Configure: Building ".sconf_temp/conftest_15" failed in a previous run and all its sources are up to date.
scons: Configure: The original builder output was:
  |gcc -o .sconf_temp/conftest_15 -Wl,-rpath=/home/hector/Desktop/gpsd-3.7 -Wl,-rpath=//usr/local/lib .sconf_temp/conftest_15.o -L. -L/usr/local/lib -lrt -lcap
  |
scons: Configure: (cached) no

scons: Configure: Checking for bluez... 
scons: Configure: Building ".sconf_temp/conftest_16" failed in a previous run and all its sources are up to date.
scons: Configure: The original builder output was:
  |pkg-config --exists 'bluez'
  |
scons: Configure: (cached) no

scons: Configure: Checking for C header file sys/timepps.h... 
scons: Configure: ".sconf_temp/conftest_17.c" is up to date.
scons: Configure: The original builder output was:
  |.sconf_temp/conftest_17.c <-
  |  |
  |  |#include <sys/timepps.h>
  |  |
  |  |
  |
scons: Configure: Building ".sconf_temp/conftest_17.o" failed in a previous run and all its sources are up to date.
scons: Configure: The original builder output was:
  |gcc -o .sconf_temp/conftest_17.o -c -D_GNU_SOURCE -Wextra -Wall -Wno-uninitialized -Wno-missing-field-initializers -Wcast-align -Wmissing-declarations -Wmissing-prototypes -Wstrict-prototypes -Wpointer-arith -Wreturn-type -O2 .sconf_temp/conftest_17.c
  |
scons: Configure: (cached) no

scons: Configure: Checking for C header file linux/can.h... 
scons: Configure: ".sconf_temp/conftest_18.c" is up to date.
scons: Configure: The original builder output was:
  |.sconf_temp/conftest_18.c <-
  |  |#include <bits/sockaddr.h>
  |  |
  |  |#include <linux/can.h>
  |  |
  |  |
  |
scons: Configure: ".sconf_temp/conftest_18.o" is up to date.
scons: Configure: The original builder output was:
  |gcc -o .sconf_temp/conftest_18.o -c -D_GNU_SOURCE -Wextra -Wall -Wno-uninitialized -Wno-missing-field-initializers -Wcast-align -Wmissing-declarations -Wmissing-prototypes -Wstrict-prototypes -Wpointer-arith -Wreturn-type -O2 .sconf_temp/conftest_18.c
  |
scons: Configure: (cached) yes

scons: Configure: Checking for C function daemon()... 
scons: Configure: ".sconf_temp/conftest_19.c" is up to date.
scons: Configure: The original builder output was:
  |.sconf_temp/conftest_19.c <-
  |  |
  |  |
  |  |#include <assert.h>
  |  |
  |  |#ifdef __cplusplus
  |  |extern "C"
  |  |#endif
  |  |char daemon();
  |  |
  |  |int main() {
  |  |#if defined (__stub_daemon) || defined (__stub___daemon)
  |  |  fail fail fail
  |  |#else
  |  |  daemon();
  |  |#endif
  |  |
  |  |  return 0;
  |  |}
  |  |
  |
scons: Configure: ".sconf_temp/conftest_19.o" is up to date.
scons: Configure: The original builder output was:
  |gcc -o .sconf_temp/conftest_19.o -c -D_GNU_SOURCE -Wextra -Wall -Wno-uninitialized -Wno-missing-field-initializers -Wcast-align -Wmissing-declarations -Wmissing-prototypes -Wstrict-prototypes -Wpointer-arith -Wreturn-type -O2 .sconf_temp/conftest_19.c
  |
scons: Configure: ".sconf_temp/conftest_19" is up to date.
scons: Configure: The original builder output was:
  |gcc -o .sconf_temp/conftest_19 -Wl,-rpath=/home/hector/Desktop/gpsd-3.7 -Wl,-rpath=//usr/local/lib .sconf_temp/conftest_19.o -L. -L/usr/local/lib -lrt
  |
scons: Configure: (cached) yes

scons: Configure: Checking for C function strlcpy()... 
scons: Configure: ".sconf_temp/conftest_20.c" is up to date.
scons: Configure: The original builder output was:
  |.sconf_temp/conftest_20.c <-
  |  |
  |  |
  |  |#include <assert.h>
  |  |
  |  |#ifdef __cplusplus
  |  |extern "C"
  |  |#endif
  |  |char strlcpy();
  |  |
  |  |int main() {
  |  |#if defined (__stub_strlcpy) || defined (__stub___strlcpy)
  |  |  fail fail fail
  |  |#else
  |  |  strlcpy();
  |  |#endif
  |  |
  |  |  return 0;
  |  |}
  |  |
  |
scons: Configure: ".sconf_temp/conftest_20.o" is up to date.
scons: Configure: The original builder output was:
  |gcc -o .sconf_temp/conftest_20.o -c -D_GNU_SOURCE -Wextra -Wall -Wno-uninitialized -Wno-missing-field-initializers -Wcast-align -Wmissing-declarations -Wmissing-prototypes -Wstrict-prototypes -Wpointer-arith -Wreturn-type -O2 .sconf_temp/conftest_20.c
  |
scons: Configure: Building ".sconf_temp/conftest_20" failed in a previous run and all its sources are up to date.
scons: Configure: The original builder output was:
  |gcc -o .sconf_temp/conftest_20 -Wl,-rpath=/home/hector/Desktop/gpsd-3.7 -Wl,-rpath=//usr/local/lib .sconf_temp/conftest_20.o -L. -L/usr/local/lib -lrt
  |
scons: Configure: (cached) no

scons: Configure: Checking for C function strlcat()... 
scons: Configure: ".sconf_temp/conftest_21.c" is up to date.
scons: Configure: The original builder output was:
  |.sconf_temp/conftest_21.c <-
  |  |
  |  |
  |  |#include <assert.h>
  |  |
  |  |#ifdef __cplusplus
  |  |extern "C"
  |  |#endif
  |  |char strlcat();
  |  |
  |  |int main() {
  |  |#if defined (__stub_strlcat) || defined (__stub___strlcat)
  |  |  fail fail fail
  |  |#else
  |  |  strlcat();
  |  |#endif
  |  |
  |  |  return 0;
  |  |}
  |  |
  |
scons: Configure: ".sconf_temp/conftest_21.o" is up to date.
scons: Configure: The original builder output was:
  |gcc -o .sconf_temp/conftest_21.o -c -D_GNU_SOURCE -Wextra -Wall -Wno-uninitialized -Wno-missing-field-initializers -Wcast-align -Wmissing-declarations -Wmissing-prototypes -Wstrict-prototypes -Wpointer-arith -Wreturn-type -O2 .sconf_temp/conftest_21.c
  |
scons: Configure: Building ".sconf_temp/conftest_21" failed in a previous run and all its sources are up to date.
scons: Configure: The original builder output was:
  |gcc -o .sconf_temp/conftest_21 -Wl,-rpath=/home/hector/Desktop/gpsd-3.7 -Wl,-rpath=//usr/local/lib .sconf_temp/conftest_21.o -L. -L/usr/local/lib -lrt
  |
scons: Configure: (cached) no

scons: Configure: Checking for C function clock_gettime()... 
scons: Configure: ".sconf_temp/conftest_22.c" is up to date.
scons: Configure: The original builder output was:
  |.sconf_temp/conftest_22.c <-
  |  |
  |  |
  |  |#include <assert.h>
  |  |
  |  |#ifdef __cplusplus
  |  |extern "C"
  |  |#endif
  |  |char clock_gettime();
  |  |
  |  |int main() {
  |  |#if defined (__stub_clock_gettime) || defined (__stub___clock_gettime)
  |  |  fail fail fail
  |  |#else
  |  |  clock_gettime();
  |  |#endif
  |  |
  |  |  return 0;
  |  |}
  |  |
  |
scons: Configure: ".sconf_temp/conftest_22.o" is up to date.
scons: Configure: The original builder output was:
  |gcc -o .sconf_temp/conftest_22.o -c -D_GNU_SOURCE -Wextra -Wall -Wno-uninitialized -Wno-missing-field-initializers -Wcast-align -Wmissing-declarations -Wmissing-prototypes -Wstrict-prototypes -Wpointer-arith -Wreturn-type -O2 .sconf_temp/conftest_22.c
  |
scons: Configure: ".sconf_temp/conftest_22" is up to date.
scons: Configure: The original builder output was:
  |gcc -o .sconf_temp/conftest_22 -Wl,-rpath=/home/hector/Desktop/gpsd-3.7 -Wl,-rpath=//usr/local/lib .sconf_temp/conftest_22.o -L. -L/usr/local/lib -lrt
  |
scons: Configure: (cached) yes

scons: Configure: Checking for C function pselect()... 
scons: Configure: ".sconf_temp/conftest_23.c" is up to date.
scons: Configure: The original builder output was:
  |.sconf_temp/conftest_23.c <-
  |  |
  |  |
  |  |#include <assert.h>
  |  |
  |  |#ifdef __cplusplus
  |  |extern "C"
  |  |#endif
  |  |char pselect();
  |  |
  |  |int main() {
  |  |#if defined (__stub_pselect) || defined (__stub___pselect)
  |  |  fail fail fail
  |  |#else
  |  |  pselect();
  |  |#endif
  |  |
  |  |  return 0;
  |  |}
  |  |
  |
scons: Configure: ".sconf_temp/conftest_23.o" is up to date.
scons: Configure: The original builder output was:
  |gcc -o .sconf_temp/conftest_23.o -c -D_GNU_SOURCE -Wextra -Wall -Wno-uninitialized -Wno-missing-field-initializers -Wcast-align -Wmissing-declarations -Wmissing-prototypes -Wstrict-prototypes -Wpointer-arith -Wreturn-type -O2 .sconf_temp/conftest_23.c
  |
scons: Configure: ".sconf_temp/conftest_23" is up to date.
scons: Configure: The original builder output was:
  |gcc -o .sconf_temp/conftest_23 -Wl,-rpath=/home/hector/Desktop/gpsd-3.7 -Wl,-rpath=//usr/local/lib .sconf_temp/conftest_23.o -L. -L/usr/local/lib -lrt
  |
scons: Configure: (cached) yes

scons: Configure: Checking that xsltproc can make man pages... 
scons: Configure: ".sconf_temp/conftest_24" is up to date.
scons: Configure: The original builder output was:
  |xsltproc --nonet --noout 'http://docbook.sourceforge.net/release/xsl/current/manpages/docbook.xsl' xmltest.xml
  |
scons: Configure: (cached) yes

scons: Configure: Checking for QtNetwork... 
scons: Configure: Building ".sconf_temp/conftest_25" failed in a previous run and all its sources are up to date.
scons: Configure: The original builder output was:
  |pkg-config --exists 'QtNetwork'
  |
scons: Configure: (cached) no


